<?xml version="1.0" encoding="UTF-8"?>
<!-- Generated by org.testng.reporters.JUnitReportReporter -->
<testsuite hostname="Lucky-PC" name="bradytest.Login" tests="1" failures="0" timestamp="9 Apr 2018 12:44:10 GMT" time="65.157" errors="0">
  <testcase name="testsampletest" time="65.157" classname="bradytest.Login"/>
</testsuite> <!-- bradytest.Login -->
