<?xml version="1.0" encoding="UTF-8"?>
<!-- Generated by org.testng.reporters.JUnitReportReporter -->
<testsuite hostname="Lucky-PC" name="bradytest.Shopping" tests="16" failures="0" timestamp="9 Apr 2018 22:03:04 GMT" time="54.493" errors="0">
  <testcase name="test5_Women" time="1.514" classname="bradytest.Shopping"/>
  <testcase name="test3_Confirm" time="0.984" classname="bradytest.Shopping"/>
  <testcase name="test6_SelPink" time="0.155" classname="bradytest.Shopping"/>
  <testcase name="test911_CnfList" time="20.735" classname="bradytest.Shopping"/>
  <testcase name="test1_Login" time="6.277" classname="bradytest.Shopping"/>
  <testcase name="test916_Sort" time="0.935" classname="bradytest.Shopping"/>
  <testcase name="test7_AddtoCart" time="4.569" classname="bradytest.Shopping"/>
  <testcase name="test8_Successful" time="5.063" classname="bradytest.Shopping"/>
  <testcase name="test910_Allsp" time="5.545" classname="bradytest.Shopping"/>
  <testcase name="test914_Dresses" time="1.220" classname="bradytest.Shopping"/>
  <testcase name="test912_Cnfcart" time="1.191" classname="bradytest.Shopping"/>
  <testcase name="test913_Discount" time="0.873" classname="bradytest.Shopping"/>
  <testcase name="test4_CartEmpty" time="0.985" classname="bradytest.Shopping"/>
  <testcase name="test915_CnfDrs" time="0.083" classname="bradytest.Shopping"/>
  <testcase name="test2_Account" time="0.079" classname="bradytest.Shopping"/>
  <testcase name="test9_Cart1" time="4.285" classname="bradytest.Shopping"/>
</testsuite> <!-- bradytest.Shopping -->
